<?xml version="1.0" encoding="UTF-8"?>
<!-- Generated by org.testng.reporters.JUnitReportReporter -->
<testsuite hostname="LTIN176593" failures="0" tests="24" name="com.practo.testRunner.TestNGRunner" time="402.573" errors="0" timestamp="2024-03-06T21:14:14 IST" skipped="0">
  <testcase classname="com.practo.testRunner.TestNGRunner" name="runScenario" time="23.527"/>
  <testcase classname="com.practo.testRunner.TestNGRunner" name="runScenario" time="16.306"/>
  <testcase classname="com.practo.testRunner.TestNGRunner" name="runScenario" time="14.381"/>
  <testcase classname="com.practo.testRunner.TestNGRunner" name="runScenario" time="17.044"/>
  <testcase classname="com.practo.testRunner.TestNGRunner" name="runScenario" time="21.843"/>
  <testcase classname="com.practo.testRunner.TestNGRunner" name="runScenario" time="13.096"/>
  <testcase classname="com.practo.testRunner.TestNGRunner" name="runScenario" time="14.624"/>
  <testcase classname="com.practo.testRunner.TestNGRunner" name="runScenario" time="13.307"/>
  <testcase classname="com.practo.testRunner.TestNGRunner" name="runScenario" time="13.947"/>
  <testcase classname="com.practo.testRunner.TestNGRunner" name="runScenario" time="15.808"/>
  <testcase classname="com.practo.testRunner.TestNGRunner" name="runScenario" time="14.737"/>
  <testcase classname="com.practo.testRunner.TestNGRunner" name="runScenario" time="15.867"/>
  <testcase classname="com.practo.testRunner.TestNGRunner" name="runScenario" time="13.574"/>
  <testcase classname="com.practo.testRunner.TestNGRunner" name="runScenario" time="18.052"/>
  <testcase classname="com.practo.testRunner.TestNGRunner" name="runScenario" time="12.915"/>
  <testcase classname="com.practo.testRunner.TestNGRunner" name="runScenario" time="39.966"/>
  <testcase classname="com.practo.testRunner.TestNGRunner" name="runScenario" time="9.756"/>
  <testcase classname="com.practo.testRunner.TestNGRunner" name="runScenario" time="14.991"/>
  <testcase classname="com.practo.testRunner.TestNGRunner" name="runScenario" time="12.745"/>
  <testcase classname="com.practo.testRunner.TestNGRunner" name="runScenario" time="32.296"/>
  <testcase classname="com.practo.testRunner.TestNGRunner" name="runScenario" time="18.996"/>
  <testcase classname="com.practo.testRunner.TestNGRunner" name="runScenario" time="14.028"/>
  <testcase classname="com.practo.testRunner.TestNGRunner" name="runScenario" time="11.644"/>
  <testcase classname="com.practo.testRunner.TestNGRunner" name="runScenario" time="9.123"/>
</testsuite> <!-- com.practo.testRunner.TestNGRunner -->
